0 info it worked if it ends with ok
1 verbose cli [ '/usr/local/bin/node', '/usr/local/bin/npm', 'run', 'lint' ]
2 info using npm@3.9.3
3 info using node@v6.2.1
4 verbose run-script [ 'prelint', 'lint', 'postlint' ]
5 info lifecycle webcharts-jqx-projectplan@1.0.0~prelint: webcharts-jqx-projectplan@1.0.0
6 silly lifecycle webcharts-jqx-projectplan@1.0.0~prelint: no script for prelint, continuing
7 info lifecycle webcharts-jqx-projectplan@1.0.0~lint: webcharts-jqx-projectplan@1.0.0
8 verbose lifecycle webcharts-jqx-projectplan@1.0.0~lint: unsafe-perm in lifecycle true
9 verbose lifecycle webcharts-jqx-projectplan@1.0.0~lint: PATH: /usr/local/lib/node_modules/npm/bin/node-gyp-bin:/Users/mblack/Documents/github/webcharts-jqx-projectplan/node_modules/.bin:/usr/local/bin:/Library/Frameworks/Python.framework/Versions/3.5/bin:/Library/Frameworks/Python.framework/Versions/2.7/bin:/usr/local/bin:/usr/bin:/bin:/usr/sbin:/sbin:/Users/mblack/Documents/LVCloud/CloudOps/ec2-api-tools-1.6.4/bin:/Users/mblack/Documents/LVCloud/CloudOps/RDSCli-1.10.003/bin:/Applications/TEE-CLC-10.1.0:~/Library/Developer/Xamarin/android-sdk-mac_x86/platform-tools
10 verbose lifecycle webcharts-jqx-projectplan@1.0.0~lint: CWD: /Users/mblack/Documents/github/webcharts-jqx-projectplan
11 silly lifecycle webcharts-jqx-projectplan@1.0.0~lint: Args: [ '-c', 'node_modules/jshint/bin/jshint *.js' ]
12 silly lifecycle webcharts-jqx-projectplan@1.0.0~lint: Returned: code: 2  signal: null
13 info lifecycle webcharts-jqx-projectplan@1.0.0~lint: Failed to exec lint script
14 verbose stack Error: webcharts-jqx-projectplan@1.0.0 lint: `node_modules/jshint/bin/jshint *.js`
14 verbose stack Exit status 2
14 verbose stack     at EventEmitter.<anonymous> (/usr/local/lib/node_modules/npm/lib/utils/lifecycle.js:245:16)
14 verbose stack     at emitTwo (events.js:106:13)
14 verbose stack     at EventEmitter.emit (events.js:191:7)
14 verbose stack     at ChildProcess.<anonymous> (/usr/local/lib/node_modules/npm/lib/utils/spawn.js:24:14)
14 verbose stack     at emitTwo (events.js:106:13)
14 verbose stack     at ChildProcess.emit (events.js:191:7)
14 verbose stack     at maybeClose (internal/child_process.js:852:16)
14 verbose stack     at Process.ChildProcess._handle.onexit (internal/child_process.js:215:5)
15 verbose pkgid webcharts-jqx-projectplan@1.0.0
16 verbose cwd /Users/mblack/Documents/github/webcharts-jqx-projectplan
17 error Darwin 15.0.0
18 error argv "/usr/local/bin/node" "/usr/local/bin/npm" "run" "lint"
19 error node v6.2.1
20 error npm  v3.9.3
21 error code ELIFECYCLE
22 error webcharts-jqx-projectplan@1.0.0 lint: `node_modules/jshint/bin/jshint *.js`
22 error Exit status 2
23 error Failed at the webcharts-jqx-projectplan@1.0.0 lint script 'node_modules/jshint/bin/jshint *.js'.
23 error Make sure you have the latest version of node.js and npm installed.
23 error If you do, this is most likely a problem with the webcharts-jqx-projectplan package,
23 error not with npm itself.
23 error Tell the author that this fails on your system:
23 error     node_modules/jshint/bin/jshint *.js
23 error You can get information on how to open an issue for this project with:
23 error     npm bugs webcharts-jqx-projectplan
23 error Or if that isn't available, you can get their info via:
23 error     npm owner ls webcharts-jqx-projectplan
23 error There is likely additional logging output above.
24 verbose exit [ 1, true ]
